<?xml version="1.0" encoding="UTF-8"?>
<!-- Generated by org.testng.reporters.JUnitXMLReporter -->
<testsuite hostname="LAPTOP-P01DG4LS" ignored="0" name="Command line test" tests="3" failures="0" timestamp="2021-07-31T23:17:05 IST" time="54.508" errors="0">
  <testcase name="AmazonTitleTest" time="3.143" classname="com.amazon.tests.AmazonLoginTest"/>
  <testcase name="CRMPROTitleTest" time="0.082" classname="com.freecrm.tests.LoginTest"/>
  <testcase name="CRMPROLogoTest" time="0.752" classname="com.freecrm.tests.LoginTest"/>
</testsuite> <!-- Command line test -->
