<?xml version="1.0" encoding="UTF-8"?>
<testng-results skipped="0" failed="0" ignored="0" total="3" passed="3">
  <reporter-output>
  </reporter-output>
  <suite name="Command line suite" duration-ms="54508" started-at="2021-07-31T23:16:10 IST" finished-at="2021-07-31T23:17:05 IST">
    <groups>
    </groups>
    <test name="Command line test" duration-ms="54508" started-at="2021-07-31T23:16:10 IST" finished-at="2021-07-31T23:17:05 IST">
      <class name="com.freecrm.tests.LoginTest">
        <test-method status="PASS" signature="setlog4j2Configuration()[pri:0, instance:com.freecrm.tests.LoginTest@24aed80c]" name="setlog4j2Configuration" is-config="true" duration-ms="1" started-at="2021-07-31T23:16:32 IST" finished-at="2021-07-31T23:16:32 IST">
          <reporter-output>
          </reporter-output>
        </test-method> <!-- setlog4j2Configuration -->
        <test-method status="PASS" signature="setup()[pri:0, instance:com.freecrm.tests.LoginTest@24aed80c]" name="setup" is-config="true" duration-ms="13036" started-at="2021-07-31T23:16:32 IST" finished-at="2021-07-31T23:16:45 IST">
          <reporter-output>
          </reporter-output>
        </test-method> <!-- setup -->
        <test-method status="PASS" signature="CRMPROTitleTest()[pri:1, instance:com.freecrm.tests.LoginTest@24aed80c]" name="CRMPROTitleTest" duration-ms="82" started-at="2021-07-31T23:16:45 IST" finished-at="2021-07-31T23:16:45 IST">
          <reporter-output>
          </reporter-output>
        </test-method> <!-- CRMPROTitleTest -->
        <test-method status="PASS" signature="tearDown()[pri:0, instance:com.freecrm.tests.LoginTest@24aed80c]" name="tearDown" is-config="true" duration-ms="3179" started-at="2021-07-31T23:16:45 IST" finished-at="2021-07-31T23:16:48 IST">
          <reporter-output>
          </reporter-output>
        </test-method> <!-- tearDown -->
        <test-method status="PASS" signature="setup()[pri:0, instance:com.freecrm.tests.LoginTest@24aed80c]" name="setup" is-config="true" duration-ms="13889" started-at="2021-07-31T23:16:48 IST" finished-at="2021-07-31T23:17:02 IST">
          <reporter-output>
          </reporter-output>
        </test-method> <!-- setup -->
        <test-method status="PASS" signature="CRMPROLogoTest()[pri:2, instance:com.freecrm.tests.LoginTest@24aed80c]" name="CRMPROLogoTest" duration-ms="752" started-at="2021-07-31T23:17:02 IST" finished-at="2021-07-31T23:17:03 IST">
          <reporter-output>
          </reporter-output>
        </test-method> <!-- CRMPROLogoTest -->
        <test-method status="PASS" signature="tearDown()[pri:0, instance:com.freecrm.tests.LoginTest@24aed80c]" name="tearDown" is-config="true" duration-ms="1663" started-at="2021-07-31T23:17:03 IST" finished-at="2021-07-31T23:17:05 IST">
          <reporter-output>
          </reporter-output>
        </test-method> <!-- tearDown -->
      </class> <!-- com.freecrm.tests.LoginTest -->
      <class name="com.amazon.tests.AmazonLoginTest">
        <test-method status="PASS" signature="setlog4j2Configuration()[pri:0, instance:com.amazon.tests.AmazonLoginTest@1c1bbc4e]" name="setlog4j2Configuration" is-config="true" duration-ms="32" started-at="2021-07-31T23:16:10 IST" finished-at="2021-07-31T23:16:10 IST">
          <reporter-output>
          </reporter-output>
        </test-method> <!-- setlog4j2Configuration -->
        <test-method status="PASS" signature="setup()[pri:0, instance:com.amazon.tests.AmazonLoginTest@1c1bbc4e]" name="setup" is-config="true" duration-ms="15408" started-at="2021-07-31T23:16:10 IST" finished-at="2021-07-31T23:16:26 IST">
          <reporter-output>
          </reporter-output>
        </test-method> <!-- setup -->
        <test-method status="PASS" signature="AmazonTitleTest()[pri:1, instance:com.amazon.tests.AmazonLoginTest@1c1bbc4e]" name="AmazonTitleTest" duration-ms="3143" started-at="2021-07-31T23:16:26 IST" finished-at="2021-07-31T23:16:29 IST">
          <reporter-output>
          </reporter-output>
        </test-method> <!-- AmazonTitleTest -->
        <test-method status="PASS" signature="tearDown()[pri:0, instance:com.amazon.tests.AmazonLoginTest@1c1bbc4e]" name="tearDown" is-config="true" duration-ms="3119" started-at="2021-07-31T23:16:29 IST" finished-at="2021-07-31T23:16:32 IST">
          <reporter-output>
          </reporter-output>
        </test-method> <!-- tearDown -->
      </class> <!-- com.amazon.tests.AmazonLoginTest -->
    </test> <!-- Command line test -->
  </suite> <!-- Command line suite -->
</testng-results>
